<?xml version="1.0" encoding="UTF-8"?>
<!-- Generated by org.testng.reporters.JUnitReportReporter -->
<testsuite hostname="LAPTOP-8DMJNPKO" failures="0" tests="2" name="banking3.testngmarch27.dataproviderTest" time="6.781" errors="0" timestamp="2023-04-10T20:59:51 EDT" skipped="0">
  <testcase classname="banking3.testngmarch27.dataproviderTest" name="f" time="2.891"/>
  <system-out/>
  <testcase classname="banking3.testngmarch27.dataproviderTest" name="f" time="3.890"/>
  <system-out/>
</testsuite> <!-- banking3.testngmarch27.dataproviderTest -->
